生成启动时间为 3/25/2014 4:16:28 PM。
     1>项目“F:\data_structures\data_structures\data_structures.vcxproj”在节点 2 上(rebuild 个目标)。
     1>_PrepareForClean:
         正在删除文件“Debug\data_structures.lastbuildstate”。
       InitializeBuildStatus:
         正在创建“Debug\data_structures.unsuccessfulbuild”，因为已指定“AlwaysCreate”。
       ClCompile:
         C:\Program Files (x86)\Microsoft Visual Studio 10.0\VC\bin\CL.exe /c /ZI /nologo /W3 /WX- /Od /Oy- /D WIN32 /D _DEBUG /D _CONSOLE /D _UNICODE /D UNICODE /Gm /EHsc /RTC1 /MDd /GS /fp:precise /Zc:wchar_t /Zc:forScope /Fo"Debug\\" /Fd"Debug\vc100.pdb" /Gd /TP /analyze- /errorReport:prompt Currency.cpp
         Currency.cpp
     1>f:\data_structures\data_structures\currency01.h(74): warning C4244: “=”: 从“double”转换到“long”，可能丢失数据
     1>f:\data_structures\data_structures\currency.cpp(11): warning C4305: “参数”: 从“double”到“float”截断
       ManifestResourceCompile:
         C:\Program Files (x86)\Microsoft SDKs\Windows\v7.0A\bin\rc.exe /nologo /fo"Debug\data_structures.exe.embed.manifest.res" Debug\data_structures_manifest.rc 
       Link:
         C:\Program Files (x86)\Microsoft Visual Studio 10.0\VC\bin\link.exe /ERRORREPORT:PROMPT /OUT:"F:\data_structures\Debug\data_structures.exe" /INCREMENTAL /NOLOGO kernel32.lib user32.lib gdi32.lib winspool.lib comdlg32.lib advapi32.lib shell32.lib ole32.lib oleaut32.lib uuid.lib odbc32.lib odbccp32.lib /MANIFEST /ManifestFile:"Debug\data_structures.exe.intermediate.manifest" /MANIFESTUAC:"level='asInvoker' uiAccess='false'" /DEBUG /PDB:"F:\data_structures\Debug\data_structures.pdb" /SUBSYSTEM:CONSOLE /TLBID:1 /DYNAMICBASE /NXCOMPAT /IMPLIB:"F:\data_structures\Debug\data_structures.lib" /MACHINE:X86 Debug\data_structures.exe.embed.manifest.res
         Debug\Currency.obj
       Manifest:
         正在删除文件“Debug\data_structures.exe.embed.manifest”。
         C:\Program Files (x86)\Microsoft SDKs\Windows\v7.0A\bin\mt.exe /nologo /verbose /out:"Debug\data_structures.exe.embed.manifest" /manifest Debug\data_structures.exe.intermediate.manifest
         C:\Program Files (x86)\Microsoft SDKs\Windows\v7.0A\bin\rc.exe /nologo /fo"Debug\data_structures.exe.embed.manifest.res" Debug\data_structures_manifest.rc 
       LinkEmbedManifest:
         C:\Program Files (x86)\Microsoft Visual Studio 10.0\VC\bin\link.exe /ERRORREPORT:PROMPT /OUT:"F:\data_structures\Debug\data_structures.exe" /INCREMENTAL /NOLOGO kernel32.lib user32.lib gdi32.lib winspool.lib comdlg32.lib advapi32.lib shell32.lib ole32.lib oleaut32.lib uuid.lib odbc32.lib odbccp32.lib /MANIFEST /ManifestFile:"Debug\data_structures.exe.intermediate.manifest" /MANIFESTUAC:"level='asInvoker' uiAccess='false'" /DEBUG /PDB:"F:\data_structures\Debug\data_structures.pdb" /SUBSYSTEM:CONSOLE /TLBID:1 /DYNAMICBASE /NXCOMPAT /IMPLIB:"F:\data_structures\Debug\data_structures.lib" /MACHINE:X86 Debug\data_structures.exe.embed.manifest.res
         Debug\Currency.obj
         data_structures.vcxproj -> F:\data_structures\Debug\data_structures.exe
       FinalizeBuildStatus:
         正在删除文件“Debug\data_structures.unsuccessfulbuild”。
         正在对“Debug\data_structures.lastbuildstate”执行 Touch 任务。
     1>已完成生成项目“F:\data_structures\data_structures\data_structures.vcxproj”(rebuild 个目标)的操作。

生成成功。

已用时间 00:00:01.89
