F:\data_structures\data_structures\Debug\cl.command.1.tlog
F:\data_structures\data_structures\Debug\CL.read.1.tlog
F:\data_structures\data_structures\Debug\CL.write.1.tlog
F:\DATA_STRUCTURES\DATA_STRUCTURES\DEBUG\CURRENCY.OBJ
F:\DATA_STRUCTURES\DATA_STRUCTURES\DEBUG\DATA_STRUCTURES.EXE.EMBED.MANIFEST
F:\DATA_STRUCTURES\DATA_STRUCTURES\DEBUG\DATA_STRUCTURES.EXE.EMBED.MANIFEST.RES
F:\DATA_STRUCTURES\DATA_STRUCTURES\DEBUG\DATA_STRUCTURES.EXE.INTERMEDIATE.MANIFEST
F:\data_structures\data_structures\Debug\data_structures.write.1.tlog
F:\data_structures\data_structures\Debug\data_structures_manifest.rc
F:\data_structures\data_structures\Debug\link.6728.read.1.tlog
F:\data_structures\data_structures\Debug\link.6728.write.1.tlog
F:\data_structures\data_structures\Debug\link.6728-cvtres.read.1.tlog
F:\data_structures\data_structures\Debug\link.6728-cvtres.write.1.tlog
F:\data_structures\data_structures\Debug\link.command.1.tlog
F:\data_structures\data_structures\Debug\link.read.1.tlog
F:\data_structures\data_structures\Debug\link.write.1.tlog
F:\data_structures\data_structures\Debug\link-cvtres.read.1.tlog
F:\data_structures\data_structures\Debug\link-cvtres.write.1.tlog
F:\data_structures\data_structures\Debug\mt.command.1.tlog
F:\data_structures\data_structures\Debug\mt.read.1.tlog
F:\data_structures\data_structures\Debug\mt.write.1.tlog
F:\data_structures\data_structures\Debug\rc.command.1.tlog
F:\data_structures\data_structures\Debug\rc.read.1.tlog
F:\data_structures\data_structures\Debug\rc.write.1.tlog
F:\data_structures\data_structures\Debug\vc100.idb
F:\DATA_STRUCTURES\DATA_STRUCTURES\DEBUG\VC100.PDB
F:\DATA_STRUCTURES\DEBUG\DATA_STRUCTURES.EXE
F:\DATA_STRUCTURES\DEBUG\DATA_STRUCTURES.ILK
F:\DATA_STRUCTURES\DEBUG\DATA_STRUCTURES.PDB
